2024-11-01 20:19:15,732 INFO o.s.b.StartupInfoLogger [restartedMain] Starting ApexgrocerApplication using Java 17.0.10 with PID 21824 (C:\Users\sonal\Desktop\ApexgrocerSupermarket\Apexgrocer-Supermarket\Spring-Security-Template-V4\target\classes started by sonali in C:\Users\sonal\Desktop\ApexgrocerSupermarket\Apexgrocer-Supermarket\Spring-Security-Template-V4)
2024-11-01 20:19:15,738 INFO o.s.b.SpringApplication [restartedMain] No active profile set, falling back to 1 default profile: "default"
2024-11-01 20:19:15,839 INFO o.s.b.l.DeferredLog [restartedMain] Devtools property defaults active! Set 'spring.devtools.add-properties' to 'false' to disable
2024-11-01 20:19:15,848 INFO o.s.b.l.DeferredLog [restartedMain] For additional web related logging consider setting the 'logging.level.web' property to 'DEBUG'
2024-11-01 20:19:17,688 INFO o.s.d.r.c.RepositoryConfigurationDelegate [restartedMain] Bootstrapping Spring Data JPA repositories in DEFAULT mode.
2024-11-01 20:19:17,857 INFO o.s.d.r.c.RepositoryConfigurationDelegate [restartedMain] Finished Spring Data repository scanning in 149 ms. Found 5 JPA repository interfaces.
2024-11-01 20:19:19,005 INFO o.s.b.w.e.t.TomcatWebServer [restartedMain] Tomcat initialized with port 8080 (http)
2024-11-01 20:19:19,022 INFO o.a.j.l.DirectJDKLog [restartedMain] Initializing ProtocolHandler ["http-nio-8080"]
2024-11-01 20:19:19,027 INFO o.a.j.l.DirectJDKLog [restartedMain] Starting service [Tomcat]
2024-11-01 20:19:19,029 INFO o.a.j.l.DirectJDKLog [restartedMain] Starting Servlet engine: [Apache Tomcat/10.1.26]
2024-11-01 20:19:19,119 INFO o.a.j.l.DirectJDKLog [restartedMain] Initializing Spring embedded WebApplicationContext
2024-11-01 20:19:19,122 INFO o.s.b.w.s.c.ServletWebServerApplicationContext [restartedMain] Root WebApplicationContext: initialization completed in 3272 ms
2024-11-01 20:19:19,310 INFO o.h.j.i.u.LogHelper [restartedMain] HHH000204: Processing PersistenceUnitInfo [name: default]
2024-11-01 20:19:19,408 INFO o.h.Version [restartedMain] HHH000412: Hibernate ORM core version 6.5.2.Final
2024-11-01 20:19:19,458 INFO o.h.c.i.RegionFactoryInitiator [restartedMain] HHH000026: Second-level cache disabled
2024-11-01 20:19:19,816 INFO o.s.o.j.p.SpringPersistenceUnitInfo [restartedMain] No LoadTimeWeaver setup: ignoring JPA class transformer
2024-11-01 20:19:19,861 INFO c.z.h.HikariDataSource [restartedMain] HikariPool-1 - Starting...
2024-11-01 20:19:20,358 INFO c.z.h.p.HikariPool [restartedMain] HikariPool-1 - Added connection com.mysql.cj.jdbc.ConnectionImpl@6846dd6d
2024-11-01 20:19:20,361 INFO c.z.h.HikariDataSource [restartedMain] HikariPool-1 - Start completed.
2024-11-01 20:19:20,430 WARN o.h.e.j.d.i.DialectFactoryImpl [restartedMain] HHH90000025: MySQLDialect does not need to be specified explicitly using 'hibernate.dialect' (remove the property setting and it will be selected by default)
2024-11-01 20:19:21,607 INFO o.h.e.t.j.p.i.JtaPlatformInitiator [restartedMain] HHH000489: No JTA platform available (set 'hibernate.transaction.jta.platform' to enable JTA platform integration)
2024-11-01 20:19:21,707 INFO o.s.o.j.AbstractEntityManagerFactoryBean [restartedMain] Initialized JPA EntityManagerFactory for persistence unit 'default'
2024-11-01 20:19:22,343 INFO o.s.s.c.a.a.c.InitializeUserDetailsBeanManagerConfigurer$InitializeUserDetailsManagerConfigurer [restartedMain] Global AuthenticationManager configured with UserDetailsService bean with name userDetailsService
2024-11-01 20:19:22,627 WARN o.s.b.a.o.j.JpaBaseConfiguration$JpaWebConfiguration [restartedMain] spring.jpa.open-in-view is enabled by default. Therefore, database queries may be performed during view rendering. Explicitly configure spring.jpa.open-in-view to disable this warning
2024-11-01 20:19:23,243 DEBUG o.s.s.w.DefaultSecurityFilterChain [restartedMain] Will secure any request with filters: DisableEncodeUrlFilter, WebAsyncManagerIntegrationFilter, SecurityContextHolderFilter, HeaderWriterFilter, CorsFilter, LogoutFilter, JwtAuthenticationFilter, RequestCacheAwareFilter, SecurityContextHolderAwareRequestFilter, AnonymousAuthenticationFilter, SessionManagementFilter, ExceptionTranslationFilter, AuthorizationFilter
2024-11-01 20:19:23,715 INFO o.s.b.d.a.OptionalLiveReloadServer [restartedMain] LiveReload server is running on port 35729
2024-11-01 20:19:23,764 INFO o.a.j.l.DirectJDKLog [restartedMain] Starting ProtocolHandler ["http-nio-8080"]
2024-11-01 20:19:23,800 INFO o.s.b.w.e.t.TomcatWebServer [restartedMain] Tomcat started on port 8080 (http) with context path '/'
2024-11-01 20:19:23,816 INFO o.s.b.StartupInfoLogger [restartedMain] Started ApexgrocerApplication in 9.204 seconds (process running for 9.988)
2024-11-01 20:26:33,227 INFO o.s.b.StartupInfoLogger [restartedMain] Starting ApexgrocerApplication using Java 17.0.10 with PID 11080 (C:\Users\sonal\Desktop\ApexgrocerSupermarket\Apexgrocer-Supermarket\Spring-Security-Template-V4\target\classes started by sonali in C:\Users\sonal\Desktop\ApexgrocerSupermarket\Apexgrocer-Supermarket\Spring-Security-Template-V4)
2024-11-01 20:26:33,238 INFO o.s.b.SpringApplication [restartedMain] No active profile set, falling back to 1 default profile: "default"
2024-11-01 20:26:33,352 INFO o.s.b.l.DeferredLog [restartedMain] Devtools property defaults active! Set 'spring.devtools.add-properties' to 'false' to disable
2024-11-01 20:26:33,356 INFO o.s.b.l.DeferredLog [restartedMain] For additional web related logging consider setting the 'logging.level.web' property to 'DEBUG'
2024-11-01 20:26:34,868 INFO o.s.d.r.c.RepositoryConfigurationDelegate [restartedMain] Bootstrapping Spring Data JPA repositories in DEFAULT mode.
2024-11-01 20:26:35,007 INFO o.s.d.r.c.RepositoryConfigurationDelegate [restartedMain] Finished Spring Data repository scanning in 123 ms. Found 5 JPA repository interfaces.
2024-11-01 20:26:36,240 INFO o.s.b.w.e.t.TomcatWebServer [restartedMain] Tomcat initialized with port 8080 (http)
2024-11-01 20:26:36,273 INFO o.a.j.l.DirectJDKLog [restartedMain] Initializing ProtocolHandler ["http-nio-8080"]
2024-11-01 20:26:36,286 INFO o.a.j.l.DirectJDKLog [restartedMain] Starting service [Tomcat]
2024-11-01 20:26:36,289 INFO o.a.j.l.DirectJDKLog [restartedMain] Starting Servlet engine: [Apache Tomcat/10.1.26]
2024-11-01 20:26:36,408 INFO o.a.j.l.DirectJDKLog [restartedMain] Initializing Spring embedded WebApplicationContext
2024-11-01 20:26:36,416 INFO o.s.b.w.s.c.ServletWebServerApplicationContext [restartedMain] Root WebApplicationContext: initialization completed in 3052 ms
2024-11-01 20:26:36,662 INFO o.h.j.i.u.LogHelper [restartedMain] HHH000204: Processing PersistenceUnitInfo [name: default]
2024-11-01 20:26:36,791 INFO o.h.Version [restartedMain] HHH000412: Hibernate ORM core version 6.5.2.Final
2024-11-01 20:26:36,876 INFO o.h.c.i.RegionFactoryInitiator [restartedMain] HHH000026: Second-level cache disabled
2024-11-01 20:26:37,363 INFO o.s.o.j.p.SpringPersistenceUnitInfo [restartedMain] No LoadTimeWeaver setup: ignoring JPA class transformer
2024-11-01 20:26:37,426 INFO c.z.h.HikariDataSource [restartedMain] HikariPool-1 - Starting...
2024-11-01 20:26:37,967 INFO c.z.h.p.HikariPool [restartedMain] HikariPool-1 - Added connection com.mysql.cj.jdbc.ConnectionImpl@1928b71b
2024-11-01 20:26:37,968 INFO c.z.h.HikariDataSource [restartedMain] HikariPool-1 - Start completed.
2024-11-01 20:26:38,053 WARN o.h.e.j.d.i.DialectFactoryImpl [restartedMain] HHH90000025: MySQLDialect does not need to be specified explicitly using 'hibernate.dialect' (remove the property setting and it will be selected by default)
2024-11-01 20:26:39,419 INFO o.h.e.t.j.p.i.JtaPlatformInitiator [restartedMain] HHH000489: No JTA platform available (set 'hibernate.transaction.jta.platform' to enable JTA platform integration)
2024-11-01 20:26:39,554 INFO o.s.o.j.AbstractEntityManagerFactoryBean [restartedMain] Initialized JPA EntityManagerFactory for persistence unit 'default'
2024-11-01 20:26:40,205 INFO o.s.s.c.a.a.c.InitializeUserDetailsBeanManagerConfigurer$InitializeUserDetailsManagerConfigurer [restartedMain] Global AuthenticationManager configured with UserDetailsService bean with name userDetailsService
2024-11-01 20:26:40,499 WARN o.s.b.a.o.j.JpaBaseConfiguration$JpaWebConfiguration [restartedMain] spring.jpa.open-in-view is enabled by default. Therefore, database queries may be performed during view rendering. Explicitly configure spring.jpa.open-in-view to disable this warning
2024-11-01 20:26:41,097 DEBUG o.s.s.w.DefaultSecurityFilterChain [restartedMain] Will secure any request with filters: DisableEncodeUrlFilter, WebAsyncManagerIntegrationFilter, SecurityContextHolderFilter, HeaderWriterFilter, CorsFilter, LogoutFilter, JwtAuthenticationFilter, RequestCacheAwareFilter, SecurityContextHolderAwareRequestFilter, AnonymousAuthenticationFilter, SessionManagementFilter, ExceptionTranslationFilter, AuthorizationFilter
2024-11-01 20:26:41,600 INFO o.s.b.d.a.OptionalLiveReloadServer [restartedMain] LiveReload server is running on port 35729
2024-11-01 20:26:41,641 INFO o.a.j.l.DirectJDKLog [restartedMain] Starting ProtocolHandler ["http-nio-8080"]
2024-11-01 20:26:41,686 INFO o.s.b.w.e.t.TomcatWebServer [restartedMain] Tomcat started on port 8080 (http) with context path '/'
2024-11-01 20:26:41,719 INFO o.s.b.StartupInfoLogger [restartedMain] Started ApexgrocerApplication in 9.185 seconds (process running for 10.076)
2024-11-01 20:27:03,893 INFO o.a.j.l.DirectJDKLog [http-nio-8080-exec-1] Initializing Spring DispatcherServlet 'dispatcherServlet'
2024-11-01 20:27:03,893 INFO o.s.w.s.FrameworkServlet [http-nio-8080-exec-1] Initializing Servlet 'dispatcherServlet'
2024-11-01 20:27:03,908 INFO o.s.w.s.FrameworkServlet [http-nio-8080-exec-1] Completed initialization in 0 ms
2024-11-01 20:27:03,990 DEBUG o.s.s.w.FilterChainProxy [http-nio-8080-exec-1] Securing OPTIONS /api/auth/register
2024-11-01 20:27:04,065 DEBUG o.s.s.w.FilterChainProxy [http-nio-8080-exec-2] Securing POST /api/auth/register
2024-11-01 20:27:04,070 DEBUG o.s.s.w.a.AnonymousAuthenticationFilter [http-nio-8080-exec-2] Set SecurityContextHolder to anonymous SecurityContext
2024-11-01 20:27:04,081 DEBUG o.s.s.w.FilterChainProxy [http-nio-8080-exec-2] Secured POST /api/auth/register
2024-11-01 20:27:17,739 DEBUG o.s.s.w.FilterChainProxy [http-nio-8080-exec-3] Securing OPTIONS /api/auth/login
2024-11-01 20:27:17,755 DEBUG o.s.s.w.FilterChainProxy [http-nio-8080-exec-4] Securing POST /api/auth/login
2024-11-01 20:27:17,763 DEBUG o.s.s.w.a.AnonymousAuthenticationFilter [http-nio-8080-exec-4] Set SecurityContextHolder to anonymous SecurityContext
2024-11-01 20:27:17,764 DEBUG o.s.s.w.FilterChainProxy [http-nio-8080-exec-4] Secured POST /api/auth/login
2024-11-01 20:27:18,055 DEBUG o.s.s.a.d.AbstractUserDetailsAuthenticationProvider [http-nio-8080-exec-4] Authenticated user
2024-11-01 20:27:21,219 DEBUG o.s.s.w.FilterChainProxy [http-nio-8080-exec-5] Securing GET /homeproduct/getbycategory/Fruits
2024-11-01 20:27:21,222 DEBUG o.s.s.w.a.AnonymousAuthenticationFilter [http-nio-8080-exec-5] Set SecurityContextHolder to anonymous SecurityContext
2024-11-01 20:27:21,225 DEBUG o.s.s.w.FilterChainProxy [http-nio-8080-exec-5] Secured GET /homeproduct/getbycategory/Fruits
2024-11-01 20:27:21,322 DEBUG o.s.s.w.FilterChainProxy [http-nio-8080-exec-6] Securing GET /homeproduct/getbycategory/Fruits
2024-11-01 20:27:21,325 DEBUG o.s.s.w.a.AnonymousAuthenticationFilter [http-nio-8080-exec-6] Set SecurityContextHolder to anonymous SecurityContext
2024-11-01 20:27:21,335 DEBUG o.s.s.w.FilterChainProxy [http-nio-8080-exec-6] Secured GET /homeproduct/getbycategory/Fruits
2024-11-01 20:27:21,369 DEBUG o.s.s.w.FilterChainProxy [http-nio-8080-exec-7] Securing GET /homeproduct/getbycategory/Fruits
2024-11-01 20:27:21,375 DEBUG o.s.s.w.a.AnonymousAuthenticationFilter [http-nio-8080-exec-7] Set SecurityContextHolder to anonymous SecurityContext
2024-11-01 20:27:21,380 DEBUG o.s.s.w.FilterChainProxy [http-nio-8080-exec-7] Secured GET /homeproduct/getbycategory/Fruits
2024-11-01 20:27:21,413 DEBUG o.s.s.w.FilterChainProxy [http-nio-8080-exec-8] Securing GET /homeproduct/getbycategory/Fruits
2024-11-01 20:27:21,417 DEBUG o.s.s.w.a.AnonymousAuthenticationFilter [http-nio-8080-exec-8] Set SecurityContextHolder to anonymous SecurityContext
2024-11-01 20:27:21,423 DEBUG o.s.s.w.FilterChainProxy [http-nio-8080-exec-8] Secured GET /homeproduct/getbycategory/Fruits
2024-11-01 20:27:46,422 DEBUG o.s.s.w.FilterChainProxy [http-nio-8080-exec-10] Securing OPTIONS /api/auth/register
2024-11-01 20:27:46,435 DEBUG o.s.s.w.FilterChainProxy [http-nio-8080-exec-1] Securing POST /api/auth/register
2024-11-01 20:27:46,636 DEBUG o.s.s.w.FilterChainProxy [http-nio-8080-exec-1] Secured POST /api/auth/register
2024-11-01 20:27:49,922 DEBUG o.s.s.w.FilterChainProxy [http-nio-8080-exec-2] Securing GET /homeproduct/getbycategory/Fruits
2024-11-01 20:27:49,922 DEBUG o.s.s.w.a.AnonymousAuthenticationFilter [http-nio-8080-exec-2] Set SecurityContextHolder to anonymous SecurityContext
2024-11-01 20:27:49,926 DEBUG o.s.s.w.FilterChainProxy [http-nio-8080-exec-2] Secured GET /homeproduct/getbycategory/Fruits
2024-11-01 20:27:49,954 DEBUG o.s.s.w.FilterChainProxy [http-nio-8080-exec-3] Securing GET /homeproduct/getbycategory/Fruits
2024-11-01 20:27:49,956 DEBUG o.s.s.w.a.AnonymousAuthenticationFilter [http-nio-8080-exec-3] Set SecurityContextHolder to anonymous SecurityContext
2024-11-01 20:27:49,956 DEBUG o.s.s.w.FilterChainProxy [http-nio-8080-exec-3] Secured GET /homeproduct/getbycategory/Fruits
2024-11-01 20:27:49,979 DEBUG o.s.s.w.FilterChainProxy [http-nio-8080-exec-4] Securing GET /homeproduct/getbycategory/Fruits
2024-11-01 20:27:49,982 DEBUG o.s.s.w.a.AnonymousAuthenticationFilter [http-nio-8080-exec-4] Set SecurityContextHolder to anonymous SecurityContext
2024-11-01 20:27:49,986 DEBUG o.s.s.w.FilterChainProxy [http-nio-8080-exec-4] Secured GET /homeproduct/getbycategory/Fruits
2024-11-01 20:27:50,032 DEBUG o.s.s.w.FilterChainProxy [http-nio-8080-exec-5] Securing GET /homeproduct/getbycategory/Fruits
2024-11-01 20:27:50,033 DEBUG o.s.s.w.a.AnonymousAuthenticationFilter [http-nio-8080-exec-5] Set SecurityContextHolder to anonymous SecurityContext
2024-11-01 20:27:50,044 DEBUG o.s.s.w.FilterChainProxy [http-nio-8080-exec-5] Secured GET /homeproduct/getbycategory/Fruits
2024-11-01 20:27:59,509 DEBUG o.s.s.w.FilterChainProxy [http-nio-8080-exec-7] Securing GET /homeproduct/getbycategory/Vegetables
2024-11-01 20:27:59,512 DEBUG o.s.s.w.a.AnonymousAuthenticationFilter [http-nio-8080-exec-7] Set SecurityContextHolder to anonymous SecurityContext
2024-11-01 20:27:59,512 DEBUG o.s.s.w.FilterChainProxy [http-nio-8080-exec-7] Secured GET /homeproduct/getbycategory/Vegetables
2024-11-01 20:27:59,541 DEBUG o.s.s.w.FilterChainProxy [http-nio-8080-exec-8] Securing GET /homeproduct/getbycategory/Vegetables
2024-11-01 20:27:59,545 DEBUG o.s.s.w.a.AnonymousAuthenticationFilter [http-nio-8080-exec-8] Set SecurityContextHolder to anonymous SecurityContext
2024-11-01 20:27:59,545 DEBUG o.s.s.w.FilterChainProxy [http-nio-8080-exec-8] Secured GET /homeproduct/getbycategory/Vegetables
2024-11-01 20:28:01,712 DEBUG o.s.s.w.FilterChainProxy [http-nio-8080-exec-9] Securing GET /homeproduct/getbycategory/Meat
2024-11-01 20:28:01,717 DEBUG o.s.s.w.a.AnonymousAuthenticationFilter [http-nio-8080-exec-9] Set SecurityContextHolder to anonymous SecurityContext
2024-11-01 20:28:01,717 DEBUG o.s.s.w.FilterChainProxy [http-nio-8080-exec-9] Secured GET /homeproduct/getbycategory/Meat
2024-11-01 20:28:01,755 DEBUG o.s.s.w.FilterChainProxy [http-nio-8080-exec-10] Securing GET /homeproduct/getbycategory/Meat
2024-11-01 20:28:01,758 DEBUG o.s.s.w.a.AnonymousAuthenticationFilter [http-nio-8080-exec-10] Set SecurityContextHolder to anonymous SecurityContext
2024-11-01 20:28:01,759 DEBUG o.s.s.w.FilterChainProxy [http-nio-8080-exec-10] Secured GET /homeproduct/getbycategory/Meat
2024-11-01 20:28:03,398 DEBUG o.s.s.w.FilterChainProxy [http-nio-8080-exec-1] Securing GET /homeproduct/getbycategory/MilkProduct
2024-11-01 20:28:03,398 DEBUG o.s.s.w.a.AnonymousAuthenticationFilter [http-nio-8080-exec-1] Set SecurityContextHolder to anonymous SecurityContext
2024-11-01 20:28:03,398 DEBUG o.s.s.w.FilterChainProxy [http-nio-8080-exec-1] Secured GET /homeproduct/getbycategory/MilkProduct
2024-11-01 20:28:03,417 DEBUG o.s.s.w.FilterChainProxy [http-nio-8080-exec-2] Securing GET /homeproduct/getbycategory/MilkProduct
2024-11-01 20:28:03,417 DEBUG o.s.s.w.a.AnonymousAuthenticationFilter [http-nio-8080-exec-2] Set SecurityContextHolder to anonymous SecurityContext
2024-11-01 20:28:03,417 DEBUG o.s.s.w.FilterChainProxy [http-nio-8080-exec-2] Secured GET /homeproduct/getbycategory/MilkProduct
2024-11-01 20:28:05,545 DEBUG o.s.s.w.FilterChainProxy [http-nio-8080-exec-3] Securing GET /homeproduct/getbycategory/Grocery
2024-11-01 20:28:05,545 DEBUG o.s.s.w.a.AnonymousAuthenticationFilter [http-nio-8080-exec-3] Set SecurityContextHolder to anonymous SecurityContext
2024-11-01 20:28:05,545 DEBUG o.s.s.w.FilterChainProxy [http-nio-8080-exec-3] Secured GET /homeproduct/getbycategory/Grocery
2024-11-01 20:28:05,567 DEBUG o.s.s.w.FilterChainProxy [http-nio-8080-exec-4] Securing GET /homeproduct/getbycategory/Grocery
2024-11-01 20:28:05,570 DEBUG o.s.s.w.a.AnonymousAuthenticationFilter [http-nio-8080-exec-4] Set SecurityContextHolder to anonymous SecurityContext
2024-11-01 20:28:05,570 DEBUG o.s.s.w.FilterChainProxy [http-nio-8080-exec-4] Secured GET /homeproduct/getbycategory/Grocery
2024-11-01 20:29:21,104 DEBUG o.s.s.w.FilterChainProxy [http-nio-8080-exec-6] Securing OPTIONS /api/auth/login
2024-11-01 20:29:21,133 DEBUG o.s.s.w.FilterChainProxy [http-nio-8080-exec-7] Securing POST /api/auth/login
2024-11-01 20:29:21,134 DEBUG o.s.s.w.a.AnonymousAuthenticationFilter [http-nio-8080-exec-7] Set SecurityContextHolder to anonymous SecurityContext
2024-11-01 20:29:21,140 DEBUG o.s.s.w.FilterChainProxy [http-nio-8080-exec-7] Secured POST /api/auth/login
2024-11-01 20:29:21,254 DEBUG o.s.s.a.d.AbstractUserDetailsAuthenticationProvider [http-nio-8080-exec-7] Authenticated user
2024-11-01 20:29:24,355 DEBUG o.s.s.w.FilterChainProxy [http-nio-8080-exec-8] Securing GET /homeproduct/getbycategory/Fruits
2024-11-01 20:29:24,357 DEBUG o.s.s.w.a.AnonymousAuthenticationFilter [http-nio-8080-exec-8] Set SecurityContextHolder to anonymous SecurityContext
2024-11-01 20:29:24,359 DEBUG o.s.s.w.FilterChainProxy [http-nio-8080-exec-8] Secured GET /homeproduct/getbycategory/Fruits
2024-11-01 20:29:24,383 DEBUG o.s.s.w.FilterChainProxy [http-nio-8080-exec-9] Securing GET /homeproduct/getbycategory/Fruits
2024-11-01 20:29:24,387 DEBUG o.s.s.w.a.AnonymousAuthenticationFilter [http-nio-8080-exec-9] Set SecurityContextHolder to anonymous SecurityContext
2024-11-01 20:29:24,398 DEBUG o.s.s.w.FilterChainProxy [http-nio-8080-exec-9] Secured GET /homeproduct/getbycategory/Fruits
2024-11-01 20:29:24,494 DEBUG o.s.s.w.FilterChainProxy [http-nio-8080-exec-10] Securing GET /homeproduct/getbycategory/Fruits
2024-11-01 20:29:24,495 DEBUG o.s.s.w.a.AnonymousAuthenticationFilter [http-nio-8080-exec-10] Set SecurityContextHolder to anonymous SecurityContext
2024-11-01 20:29:24,498 DEBUG o.s.s.w.FilterChainProxy [http-nio-8080-exec-10] Secured GET /homeproduct/getbycategory/Fruits
2024-11-01 20:29:24,720 DEBUG o.s.s.w.FilterChainProxy [http-nio-8080-exec-1] Securing GET /homeproduct/getbycategory/Fruits
2024-11-01 20:29:24,773 DEBUG o.s.s.w.a.AnonymousAuthenticationFilter [http-nio-8080-exec-1] Set SecurityContextHolder to anonymous SecurityContext
2024-11-01 20:29:24,781 DEBUG o.s.s.w.FilterChainProxy [http-nio-8080-exec-1] Secured GET /homeproduct/getbycategory/Fruits
2024-11-01 20:29:45,730 DEBUG o.s.s.w.FilterChainProxy [http-nio-8080-exec-2] Securing GET /homeproduct/getbycategory/Fruits
2024-11-01 20:29:45,732 DEBUG o.s.s.w.a.AnonymousAuthenticationFilter [http-nio-8080-exec-2] Set SecurityContextHolder to anonymous SecurityContext
2024-11-01 20:29:45,738 DEBUG o.s.s.w.FilterChainProxy [http-nio-8080-exec-2] Secured GET /homeproduct/getbycategory/Fruits
2024-11-01 20:29:45,777 DEBUG o.s.s.w.FilterChainProxy [http-nio-8080-exec-3] Securing GET /homeproduct/getbycategory/Fruits
2024-11-01 20:29:45,778 DEBUG o.s.s.w.a.AnonymousAuthenticationFilter [http-nio-8080-exec-3] Set SecurityContextHolder to anonymous SecurityContext
2024-11-01 20:29:45,778 DEBUG o.s.s.w.FilterChainProxy [http-nio-8080-exec-3] Secured GET /homeproduct/getbycategory/Fruits
2024-11-01 20:29:45,806 DEBUG o.s.s.w.FilterChainProxy [http-nio-8080-exec-4] Securing GET /homeproduct/getbycategory/Fruits
2024-11-01 20:29:45,810 DEBUG o.s.s.w.a.AnonymousAuthenticationFilter [http-nio-8080-exec-4] Set SecurityContextHolder to anonymous SecurityContext
2024-11-01 20:29:45,811 DEBUG o.s.s.w.FilterChainProxy [http-nio-8080-exec-4] Secured GET /homeproduct/getbycategory/Fruits
2024-11-01 20:29:45,856 DEBUG o.s.s.w.FilterChainProxy [http-nio-8080-exec-5] Securing GET /homeproduct/getbycategory/Fruits
2024-11-01 20:29:45,857 DEBUG o.s.s.w.a.AnonymousAuthenticationFilter [http-nio-8080-exec-5] Set SecurityContextHolder to anonymous SecurityContext
2024-11-01 20:29:45,858 DEBUG o.s.s.w.FilterChainProxy [http-nio-8080-exec-5] Secured GET /homeproduct/getbycategory/Fruits
